app/build/outputs/logs/manifest-merger-staging-debug-report.txt
-- Merging decision tree log ---
manifest
ADDED from src/main/AndroidManifest.xml:2:1-70:12
	package
		ADDED from src/main/AndroidManifest.xml:3:5-30
		INJECTED from src/main/AndroidManifest.xml
		INJECTED from src/main/AndroidManifest.xml
	android:versionName
		INJECTED from src/main/AndroidManifest.xml
		INJECTED from src/main/AndroidManifest.xml
	xmlns:android
		ADDED from src/main/AndroidManifest.xml:2:11-69
	android:versionCode
		INJECTED from src/main/AndroidManifest.xml
		INJECTED from src/main/AndroidManifest.xml
uses-permission#android.permission.INTERNET
ADDED from src/main/AndroidManifest.xml:5:5-67
	android:name
		ADDED from src/main/AndroidManifest.xml:5:22-64
uses-permission#android.permission.ACCESS_NETWORK_STATE
ADDED from src/main/AndroidManifest.xml:6:5-79
	android:name
		ADDED from src/main/AndroidManifest.xml:6:22-76
application
ADDED from src/main/AndroidManifest.xml:8:5-68:19
MERGED from [com.android.support:support-v4:22.2.0] AndroidManifest.xml:22:5-20
MERGED from [com.android.support:appcompat-v7:22.2.0] AndroidManifest.xml:22:5-20
MERGED from [com.android.support:support-v4:22.2.0] AndroidManifest.xml:22:5-20
MERGED from [com.android.support:recyclerview-v7:22.0.0] AndroidManifest.xml:22:5-26:19
MERGED from [com.android.support:support-v4:22.2.0] AndroidManifest.xml:22:5-20
MERGED from [com.android.support:support-v4:22.2.0] AndroidManifest.xml:22:5-20
MERGED from [com.android.support:design:22.2.0] AndroidManifest.xml:22:5-20
MERGED from [com.android.support:appcompat-v7:22.2.0] AndroidManifest.xml:22:5-20
MERGED from [com.android.support:support-v4:22.2.0] AndroidManifest.xml:22:5-20
MERGED from [com.android.support:support-v4:22.2.0] AndroidManifest.xml:22:5-20
MERGED from [com.squareup.leakcanary:leakcanary-android:1.3.1] AndroidManifest.xml:27:5-49:19
	android:label
		ADDED from src/main/AndroidManifest.xml:12:9-41
	android:allowBackup
		ADDED from src/main/AndroidManifest.xml:10:9-35
	android:icon
		ADDED from src/main/AndroidManifest.xml:11:9-45
	android:theme
		ADDED from src/main/AndroidManifest.xml:13:9-65
	android:name
		ADDED from src/main/AndroidManifest.xml:9:9-42
activity#net.glouz.myapp.view.activity.LoginActivity
ADDED from src/main/AndroidManifest.xml:24:9-33:20
	android:label
		ADDED from src/main/AndroidManifest.xml:27:13-45
	android:configChanges
		ADDED from src/main/AndroidManifest.xml:26:13-59
	android:name
		ADDED from src/main/AndroidManifest.xml:25:13-56
intent-filter#android.intent.action.MAIN+android.intent.category.LAUNCHER
ADDED from src/main/AndroidManifest.xml:28:13-32:29
action#android.intent.action.MAIN
ADDED from src/main/AndroidManifest.xml:29:17-69
	android:name
		ADDED from src/main/AndroidManifest.xml:29:25-66
category#android.intent.category.LAUNCHER
ADDED from src/main/AndroidManifest.xml:31:17-77
	android:name
		ADDED from src/main/AndroidManifest.xml:31:27-74
activity#net.glouz.myapp.view.activity.MainActivity
ADDED from src/main/AndroidManifest.xml:34:9-37:20
	android:configChanges
		ADDED from src/main/AndroidManifest.xml:36:13-59
	android:name
		ADDED from src/main/AndroidManifest.xml:35:13-55
activity#net.glouz.myapp.view.activity.ProductsWishlistActivity
ADDED from src/main/AndroidManifest.xml:38:9-41:20
	android:configChanges
		ADDED from src/main/AndroidManifest.xml:40:13-59
	android:name
		ADDED from src/main/AndroidManifest.xml:39:13-67
activity#net.glouz.myapp.view.activity.ProductsBagActivity
ADDED from src/main/AndroidManifest.xml:42:9-45:20
	android:configChanges
		ADDED from src/main/AndroidManifest.xml:44:13-59
	android:name
		ADDED from src/main/AndroidManifest.xml:43:13-62
activity#net.glouz.myapp.view.activity.ProductDetailsActivity
ADDED from src/main/AndroidManifest.xml:46:9-49:20
	android:configChanges
		ADDED from src/main/AndroidManifest.xml:48:13-59
	android:name
		ADDED from src/main/AndroidManifest.xml:47:13-65
service#net.glouz.myapp.model.api.service.RequestServiceBase
ADDED from src/main/AndroidManifest.xml:51:9-54:19
	android:exported
		ADDED from src/main/AndroidManifest.xml:53:13-37
	android:name
		ADDED from src/main/AndroidManifest.xml:52:13-65
service#net.glouz.myapp.model.api.service.RequestServiceSampleApp
ADDED from src/main/AndroidManifest.xml:55:9-58:19
	android:exported
		ADDED from src/main/AndroidManifest.xml:57:13-37
	android:name
		ADDED from src/main/AndroidManifest.xml:56:13-70
service#net.glouz.myapp.model.api.service.RequestServiceMockRESTapiSampleApp
ADDED from src/main/AndroidManifest.xml:59:9-62:19
	android:exported
		ADDED from src/main/AndroidManifest.xml:61:13-37
	android:name
		ADDED from src/main/AndroidManifest.xml:60:13-81
provider#net.glouz.myapp.model.storage.provider.ContentProviderHelper
ADDED from src/main/AndroidManifest.xml:64:9-67:40
	android:authorities
		ADDED from src/main/AndroidManifest.xml:66:13-71
	android:exported
		ADDED from src/main/AndroidManifest.xml:67:13-37
	android:name
		ADDED from src/main/AndroidManifest.xml:65:13-73
uses-sdk
INJECTED from src/main/AndroidManifest.xml reason: use-sdk injection requested
MERGED from [com.android.databinding:library:1.0-rc0] AndroidManifest.xml:22:5-24:41
MERGED from [com.android.support:support-v4:22.2.0] AndroidManifest.xml:20:5-43
MERGED from [com.android.support:appcompat-v7:22.2.0] AndroidManifest.xml:20:5-43
MERGED from [com.android.support:support-v4:22.2.0] AndroidManifest.xml:20:5-43
MERGED from [com.android.support:recyclerview-v7:22.0.0] AndroidManifest.xml:20:5-43
MERGED from [com.android.support:support-v4:22.2.0] AndroidManifest.xml:20:5-43
MERGED from [AndroidAppSample:viewPagerIndicatorlibrary:unspecified] AndroidManifest.xml:7:5-9:40
MERGED from [com.android.support:support-v4:22.2.0] AndroidManifest.xml:20:5-43
MERGED from [com.android.support:design:22.2.0] AndroidManifest.xml:20:5-43
MERGED from [com.android.support:appcompat-v7:22.2.0] AndroidManifest.xml:20:5-43
MERGED from [com.android.support:support-v4:22.2.0] AndroidManifest.xml:20:5-43
MERGED from [com.android.support:support-v4:22.2.0] AndroidManifest.xml:20:5-43
MERGED from [com.squareup.leakcanary:leakcanary-android:1.3.1] AndroidManifest.xml:20:5-22:41
	android:targetSdkVersion
		INJECTED from src/main/AndroidManifest.xml
		INJECTED from src/main/AndroidManifest.xml
	android:minSdkVersion
		INJECTED from src/main/AndroidManifest.xml
		INJECTED from src/main/AndroidManifest.xml
activity#android.support.v7.widget.TestActivity
ADDED from [com.android.support:recyclerview-v7:22.0.0] AndroidManifest.xml:23:9-25:56
	android:label
		ADDED from [com.android.support:recyclerview-v7:22.0.0] AndroidManifest.xml:25:13-53
	android:name
		ADDED from [com.android.support:recyclerview-v7:22.0.0] AndroidManifest.xml:24:13-66
uses-permission#android.permission.WRITE_EXTERNAL_STORAGE
ADDED from [com.squareup.leakcanary:leakcanary-android:1.3.1] AndroidManifest.xml:25:5-81
	android:name
		ADDED from [com.squareup.leakcanary:leakcanary-android:1.3.1] AndroidManifest.xml:25:22-78
service#com.squareup.leakcanary.internal.HeapAnalyzerService
ADDED from [com.squareup.leakcanary:leakcanary-android:1.3.1] AndroidManifest.xml:28:9-31:45
	android:enabled
		ADDED from [com.squareup.leakcanary:leakcanary-android:1.3.1] AndroidManifest.xml:30:13-36
	android:process
		ADDED from [com.squareup.leakcanary:leakcanary-android:1.3.1] AndroidManifest.xml:31:13-42
	android:name
		ADDED from [com.squareup.leakcanary:leakcanary-android:1.3.1] AndroidManifest.xml:29:13-80
service#com.squareup.leakcanary.DisplayLeakService
ADDED from [com.squareup.leakcanary:leakcanary-android:1.3.1] AndroidManifest.xml:32:9-34:39
	android:enabled
		ADDED from [com.squareup.leakcanary:leakcanary-android:1.3.1] AndroidManifest.xml:34:13-36
	android:name
		ADDED from [com.squareup.leakcanary:leakcanary-android:1.3.1] AndroidManifest.xml:33:13-70
activity#com.squareup.leakcanary.internal.DisplayLeakActivity
ADDED from [com.squareup.leakcanary:leakcanary-android:1.3.1] AndroidManifest.xml:36:9-48:20
	android:enabled
		ADDED from [com.squareup.leakcanary:leakcanary-android:1.3.1] AndroidManifest.xml:38:13-36
	android:label
		ADDED from [com.squareup.leakcanary:leakcanary-android:1.3.1] AndroidManifest.xml:40:13-73
	android:icon
		ADDED from [com.squareup.leakcanary:leakcanary-android:1.3.1] AndroidManifest.xml:39:13-56
	android:theme
		ADDED from [com.squareup.leakcanary:leakcanary-android:1.3.1] AndroidManifest.xml:42:13-53
	android:taskAffinity
		ADDED from [com.squareup.leakcanary:leakcanary-android:1.3.1] AndroidManifest.xml:41:13-59
	android:name
		ADDED from [com.squareup.leakcanary:leakcanary-android:1.3.1] AndroidManifest.xml:37:13-80
android:uses-permission#android.permission.READ_EXTERNAL_STORAGE
IMPLIED from src/main/AndroidManifest.xml:2:1-70:12 reason: com.squareup.leakcanary requested WRITE_EXTERNAL_STORAGE